Pig Stack Trace
---------------
ERROR 1200: Pig script failed to parse: 
<file MktJoin.pig, line 4, column 31> Undefined alias: Zipdata

org.apache.pig.impl.logicalLayer.FrontendException: ERROR 1000: Error during parsing. Pig script failed to parse: 
<file MktJoin.pig, line 4, column 31> Undefined alias: Zipdata
	at org.apache.pig.PigServer$Graph.parseQuery(PigServer.java:1832)
	at org.apache.pig.PigServer$Graph.access$000(PigServer.java:1527)
	at org.apache.pig.PigServer.parseAndBuild(PigServer.java:460)
	at org.apache.pig.PigServer.executeBatch(PigServer.java:485)
	at org.apache.pig.PigServer.executeBatch(PigServer.java:471)
	at org.apache.pig.tools.grunt.GruntParser.executeBatch(GruntParser.java:172)
	at org.apache.pig.tools.grunt.GruntParser.processDump(GruntParser.java:742)
	at org.apache.pig.tools.pigscript.parser.PigScriptParser.parse(PigScriptParser.java:376)
	at org.apache.pig.tools.grunt.GruntParser.parseStopOnError(GruntParser.java:231)
	at org.apache.pig.tools.grunt.GruntParser.parseStopOnError(GruntParser.java:206)
	at org.apache.pig.tools.grunt.Grunt.exec(Grunt.java:81)
	at org.apache.pig.Main.run(Main.java:630)
	at org.apache.pig.Main.main(Main.java:176)
Caused by: Failed to parse: Pig script failed to parse: 
<file MktJoin.pig, line 4, column 31> Undefined alias: Zipdata
	at org.apache.pig.parser.QueryParserDriver.parse(QueryParserDriver.java:199)
	at org.apache.pig.PigServer$Graph.parseQuery(PigServer.java:1819)
	... 12 more
Caused by: 
<file MktJoin.pig, line 4, column 31> Undefined alias: Zipdata
	at org.apache.pig.parser.AstValidator.validateAliasRef(AstValidator.java:278)
	at org.apache.pig.parser.AstValidator.rel(AstValidator.java:6557)
	at org.apache.pig.parser.AstValidator.join_item(AstValidator.java:13418)
	at org.apache.pig.parser.AstValidator.join_sub_clause(AstValidator.java:13318)
	at org.apache.pig.parser.AstValidator.join_clause(AstValidator.java:12993)
	at org.apache.pig.parser.AstValidator.op_clause(AstValidator.java:1823)
	at org.apache.pig.parser.AstValidator.general_statement(AstValidator.java:1035)
	at org.apache.pig.parser.AstValidator.statement(AstValidator.java:499)
	at org.apache.pig.parser.AstValidator.query(AstValidator.java:373)
	at org.apache.pig.parser.QueryParserDriver.validateAst(QueryParserDriver.java:258)
	at org.apache.pig.parser.QueryParserDriver.parse(QueryParserDriver.java:186)
	... 13 more
================================================================================
